c:\users\ben\documents\visual studio 2013\projects\burgh\burgh\debug\vc120.pdb
c:\users\ben\documents\visual studio 2013\projects\burgh\burgh\debug\vc120.idb
c:\users\ben\documents\visual studio 2013\projects\burgh\burgh\debug\guicontrol.obj
c:\users\ben\documents\visual studio 2013\projects\burgh\burgh\debug\guiexitmenu.obj
c:\users\ben\documents\visual studio 2013\projects\burgh\burgh\debug\guiframe.obj
c:\users\ben\documents\visual studio 2013\projects\burgh\burgh\debug\guilistbox.obj
c:\users\ben\documents\visual studio 2013\projects\burgh\burgh\debug\guiloadgame.obj
c:\users\ben\documents\visual studio 2013\projects\burgh\burgh\debug\guioptionsmenu.obj
c:\users\ben\documents\visual studio 2013\projects\burgh\burgh\debug\guisliderknob.obj
c:\users\ben\documents\visual studio 2013\projects\burgh\burgh\debug\guistate.obj
c:\users\ben\documents\visual studio 2013\projects\burgh\burgh\debug\guistatetmpl.obj
c:\users\ben\documents\visual studio 2013\projects\burgh\burgh\debug\guiwindow.obj
c:\users\ben\documents\visual studio 2013\projects\burgh\burgh\debug\icecaves.obj
c:\users\ben\documents\visual studio 2013\projects\burgh\burgh\debug\engine.obj
c:\users\ben\documents\visual studio 2013\projects\burgh\burgh\debug\keyboardcontroller.obj
c:\users\ben\documents\visual studio 2013\projects\burgh\burgh\debug\main.obj
c:\users\ben\documents\visual studio 2013\projects\burgh\burgh\debug\maptile.obj
c:\users\ben\documents\visual studio 2013\projects\burgh\burgh\debug\playerbounce.obj
c:\users\ben\documents\visual studio 2013\projects\burgh\burgh\debug\playerjump.obj
c:\users\ben\documents\visual studio 2013\projects\burgh\burgh\debug\playermove.obj
c:\users\ben\documents\visual studio 2013\projects\burgh\burgh\debug\playerstand.obj
c:\users\ben\documents\visual studio 2013\projects\burgh\burgh\debug\startmenu.obj
c:\users\ben\documents\visual studio 2013\projects\burgh\burgh\debug\gameobject.obj
c:\users\ben\documents\visual studio 2013\projects\burgh\burgh\debug\guibutton.obj
c:\users\ben\documents\visual studio 2013\projects\burgh\burgh\debug\guicheckbox.obj
c:\users\ben\documents\visual studio 2013\projects\burgh\debug\burgh.ilk
c:\users\ben\documents\visual studio 2013\projects\burgh\debug\burgh.exe
c:\users\ben\documents\visual studio 2013\projects\burgh\debug\burgh.pdb
c:\users\ben\documents\visual studio 2013\projects\burgh\burgh\debug\burgh.tlog\cl.command.1.tlog
c:\users\ben\documents\visual studio 2013\projects\burgh\burgh\debug\burgh.tlog\cl.read.1.tlog
c:\users\ben\documents\visual studio 2013\projects\burgh\burgh\debug\burgh.tlog\cl.write.1.tlog
c:\users\ben\documents\visual studio 2013\projects\burgh\burgh\debug\burgh.tlog\link.command.1.tlog
c:\users\ben\documents\visual studio 2013\projects\burgh\burgh\debug\burgh.tlog\link.read.1.tlog
c:\users\ben\documents\visual studio 2013\projects\burgh\burgh\debug\burgh.tlog\link.write.1.tlog
