Build started 8/10/2015 10:30:59 PM.
     1>Project "E:\Documents and Settings\Josh\My Documents\Visual Studio 2013\Projects\IceCaves\Burgh\Burgh.vcxproj" on node 2 (Build target(s)).
     1>Link:
         D:\Program Files (x86)\Microsoft Visual Studio 12.0\VC\bin\link.exe /ERRORREPORT:PROMPT /OUT:"E:\Documents and Settings\Josh\My Documents\Visual Studio 2013\Projects\IceCaves\Debug\Burgh.exe" /INCREMENTAL /NOLOGO /LIBPATH:"C:\Program Files (x86)\Microsoft DirectX SDK (June 2010)\Lib\x86" /LIBPATH:"D:\Program Files (x86)\Visual Leak Detector\lib\Win32" d3d9.lib d3dx9.lib kernel32.lib user32.lib gdi32.lib winspool.lib comdlg32.lib advapi32.lib shell32.lib ole32.lib oleaut32.lib uuid.lib odbc32.lib odbccp32.lib /MANIFEST /MANIFESTUAC:"level='asInvoker' uiAccess='false'" /manifest:embed /DEBUG /PDB:"E:\Documents and Settings\Josh\My Documents\Visual Studio 2013\Projects\IceCaves\Debug\Burgh.pdb" /SUBSYSTEM:WINDOWS /TLBID:1 /DYNAMICBASE /NXCOMPAT /IMPLIB:"E:\Documents and Settings\Josh\My Documents\Visual Studio 2013\Projects\IceCaves\Debug\Burgh.lib" /MACHINE:X86 Debug\GameObject.obj
         Debug\GuiButton.obj
         Debug\GuiCheckBox.obj
         Debug\GuiControl.obj
         Debug\GuiExitMenu.obj
         Debug\GuiFrame.obj
         Debug\GuiListBox.obj
         Debug\GuiLoadGame.obj
         Debug\GuiOptionsMenu.obj
         Debug\GuiSliderKnob.obj
         Debug\GuiState.obj
         Debug\GuiStateTmpl.obj
         Debug\GuiWindow.obj
         Debug\IceCaves.obj
         Debug\Engine.obj
         Debug\keyboardcontroller.obj
         Debug\Main.obj
         Debug\MapTile.obj
         Debug\PlayerBounce.obj
         Debug\PlayerJump.obj
         Debug\PlayerMove.obj
         Debug\PlayerStand.obj
         Debug\StartMenu.obj
         Burgh.vcxproj -> E:\Documents and Settings\Josh\My Documents\Visual Studio 2013\Projects\IceCaves\Debug\Burgh.exe
     1>Done Building Project "E:\Documents and Settings\Josh\My Documents\Visual Studio 2013\Projects\IceCaves\Burgh\Burgh.vcxproj" (Build target(s)).

Build succeeded.

Time Elapsed 00:00:00.41
